# JRE version: OpenJDK Runtime Environment (21.0.7) (build 21.0.7+-13880790-b1038.58)
# Java VM: OpenJDK 64-Bit Server VM (21.0.7+-13880790-b1038.58, mixed mode, tiered, compressed oops, compressed class ptrs, g1 gc, windows-amd64)
GC Precious Log:
 CardTable entry size: 512
 Card Set container configuration: InlinePtr #cards 4 size 8 Array Of Cards #cards 64 size 144 Howl #buckets 8 coarsen threshold 14745 Howl Bitmap #cards 2048 size 272 coarsen threshold 1843 Card regions per heap region 1 cards per card region 16384
 CPUs: 12 total, 12 available
 Memory: 7916M
 Large Page Support: Disabled
 NUMA Support: Disabled
 Compressed Oops: Enabled (Zero based)
 Heap Region Size: 8M
 Heap Min Capacity: 8M
 Heap Initial Capacity: 128M
 Heap Max Capacity: 10G
 Pre-touch: Disabled
 Parallel Workers: 10
 Concurrent Workers: 3
 Concurrent Refinement Workers: 10
 Periodic GC: Disabled
Heap:
 garbage-first heap   total 1679360K, used 498795K [0x0000000580000000, 0x0000000800000000)
  region size 8192K, 1 young (8192K), 1 survivors (8192K)
 Metaspace       used 169367K, committed 171968K, reserved 1245184K
  class space    used 23454K, committed 24704K, reserved 1048576K
GC Heap History (20 events):
Event: 127.761 GC heap after
{Heap after GC invocations=64 (full 0):
 garbage-first heap   total 589824K, used 374686K [0x0000000580000000, 0x0000000800000000)
  region size 8192K, 3 young (24576K), 3 survivors (24576K)
 Metaspace       used 151505K, committed 153984K, reserved 1245184K
  class space    used 20609K, committed 21824K, reserved 1048576K
}
Event: 129.151 GC heap before
{Heap before GC invocations=64 (full 0):
 garbage-first heap   total 589824K, used 440222K [0x0000000580000000, 0x0000000800000000)
  region size 8192K, 11 young (90112K), 3 survivors (24576K)
 Metaspace       used 151505K, committed 153984K, reserved 1245184K
  class space    used 20609K, committed 21824K, reserved 1048576K
}
Event: 129.361 GC heap after
{Heap after GC invocations=65 (full 0):
 garbage-first heap   total 589824K, used 396326K [0x0000000580000000, 0x0000000800000000)
  region size 8192K, 2 young (16384K), 2 survivors (16384K)
 Metaspace       used 151505K, committed 153984K, reserved 1245184K
  class space    used 20609K, committed 21824K, reserved 1048576K
}
Event: 131.182 GC heap before
{Heap before GC invocations=65 (full 0):
 garbage-first heap   total 589824K, used 502822K [0x0000000580000000, 0x0000000800000000)
  region size 8192K, 16 young (131072K), 2 survivors (16384K)
 Metaspace       used 154563K, committed 157120K, reserved 1245184K
  class space    used 21033K, committed 22272K, reserved 1048576K
}
Event: 131.247 GC heap after
{Heap after GC invocations=66 (full 0):
 garbage-first heap   total 589824K, used 408896K [0x0000000580000000, 0x0000000800000000)
  region size 8192K, 2 young (16384K), 2 survivors (16384K)
 Metaspace       used 154563K, committed 157120K, reserved 1245184K
  class space    used 21033K, committed 22272K, reserved 1048576K
}
Event: 131.655 GC heap before
{Heap before GC invocations=66 (full 0):
 garbage-first heap   total 589824K, used 515392K [0x0000000580000000, 0x0000000800000000)
  region size 8192K, 15 young (122880K), 2 survivors (16384K)
 Metaspace       used 154564K, committed 157120K, reserved 1245184K
  class space    used 21033K, committed 22272K, reserved 1048576K
}
Event: 131.693 GC heap after
{Heap after GC invocations=67 (full 0):
 garbage-first heap   total 1679360K, used 412427K [0x0000000580000000, 0x0000000800000000)
  region size 8192K, 1 young (8192K), 1 survivors (8192K)
 Metaspace       used 154564K, committed 157120K, reserved 1245184K
  class space    used 21033K, committed 22272K, reserved 1048576K
}
Event: 137.680 GC heap before
{Heap before GC invocations=68 (full 0):
 garbage-first heap   total 1474560K, used 666379K [0x0000000580000000, 0x0000000800000000)
  region size 8192K, 30 young (245760K), 1 survivors (8192K)
 Metaspace       used 159659K, committed 162112K, reserved 1245184K
  class space    used 21712K, committed 22912K, reserved 1048576K
}
Event: 137.787 GC heap after
{Heap after GC invocations=69 (full 0):
 garbage-first heap   total 1474560K, used 444267K [0x0000000580000000, 0x0000000800000000)
  region size 8192K, 4 young (32768K), 4 survivors (32768K)
 Metaspace       used 159659K, committed 162112K, reserved 1245184K
  class space    used 21712K, committed 22912K, reserved 1048576K
}
Event: 172.208 GC heap before
{Heap before GC invocations=69 (full 0):
 garbage-first heap   total 1474560K, used 1296235K [0x0000000580000000, 0x0000000800000000)
  region size 8192K, 108 young (884736K), 4 survivors (32768K)
 Metaspace       used 167790K, committed 170432K, reserved 1245184K
  class space    used 23180K, committed 24448K, reserved 1048576K
}
Event: 175.741 GC heap after
{Heap after GC invocations=70 (full 0):
 garbage-first heap   total 1474560K, used 493515K [0x0000000580000000, 0x0000000800000000)
  region size 8192K, 10 young (81920K), 10 survivors (81920K)
 Metaspace       used 167790K, committed 170432K, reserved 1245184K
  class space    used 23180K, committed 24448K, reserved 1048576K
}
Event: 175.748 GC heap before
{Heap before GC invocations=70 (full 0):
 garbage-first heap   total 1474560K, used 501707K [0x0000000580000000, 0x0000000800000000)
  region size 8192K, 11 young (90112K), 10 survivors (81920K)
 Metaspace       used 167790K, committed 170432K, reserved 1245184K
  class space    used 23180K, committed 24448K, reserved 1048576K
}
Event: 175.986 GC heap after
{Heap after GC invocations=71 (full 0):
 garbage-first heap   total 1474560K, used 504183K [0x0000000580000000, 0x0000000800000000)
  region size 8192K, 2 young (16384K), 2 survivors (16384K)
 Metaspace       used 167790K, committed 170432K, reserved 1245184K
  class space    used 23180K, committed 24448K, reserved 1048576K
}
Event: 178.627 GC heap before
{Heap before GC invocations=71 (full 0):
 garbage-first heap   total 1474560K, used 561527K [0x0000000580000000, 0x0000000800000000)
  region size 8192K, 9 young (73728K), 2 survivors (16384K)
 Metaspace       used 168924K, committed 171520K, reserved 1245184K
  class space    used 23370K, committed 24640K, reserved 1048576K
}
Event: 178.674 GC heap after
{Heap after GC invocations=72 (full 0):
 garbage-first heap   total 1474560K, used 497172K [0x0000000580000000, 0x0000000800000000)
  region size 8192K, 1 young (8192K), 1 survivors (8192K)
 Metaspace       used 168924K, committed 171520K, reserved 1245184K
  class space    used 23370K, committed 24640K, reserved 1048576K
}
Event: 180.391 GC heap before
{Heap before GC invocations=72 (full 0):
 garbage-first heap   total 1474560K, used 562708K [0x0000000580000000, 0x0000000800000000)
  region size 8192K, 9 young (73728K), 1 survivors (8192K)
 Metaspace       used 169089K, committed 171648K, reserved 1245184K
  class space    used 23407K, committed 24640K, reserved 1048576K
}
Event: 180.406 GC heap after
{Heap after GC invocations=73 (full 0):
 garbage-first heap   total 1474560K, used 495958K [0x0000000580000000, 0x0000000800000000)
  region size 8192K, 1 young (8192K), 1 survivors (8192K)
 Metaspace       used 169089K, committed 171648K, reserved 1245184K
  class space    used 23407K, committed 24640K, reserved 1048576K
}
Event: 180.783 GC heap before
{Heap before GC invocations=73 (full 0):
 garbage-first heap   total 1474560K, used 569686K [0x0000000580000000, 0x0000000800000000)
  region size 8192K, 10 young (81920K), 1 survivors (8192K)
 Metaspace       used 169269K, committed 171904K, reserved 1245184K
  class space    used 23437K, committed 24704K, reserved 1048576K
}
Event: 180.808 GC heap after
{Heap after GC invocations=74 (full 0):
 garbage-first heap   total 1474560K, used 496619K [0x0000000580000000, 0x0000000800000000)
  region size 8192K, 1 young (8192K), 1 survivors (8192K)
 Metaspace       used 169269K, committed 171904K, reserved 1245184K
  class space    used 23437K, committed 24704K, reserved 1048576K
}
Event: 181.150 GC heap before
{Heap before GC invocations=74 (full 0):
 garbage-first heap   total 1474560K, used 685035K [0x0000000580000000, 0x0000000800000000)
  region size 8192K, 24 young (196608K), 1 survivors (8192K)
 Metaspace       used 169367K, committed 171968K, reserved 1245184K
  class space    used 23454K, committed 24704K, reserved 1048576K
}

