# JRE version: OpenJDK Runtime Environment (21.0.7) (build 21.0.7+-13880790-b1038.58)
# Java VM: OpenJDK 64-Bit Server VM (21.0.7+-13880790-b1038.58, mixed mode, tiered, compressed oops, compressed class ptrs, g1 gc, windows-amd64)
GC Precious Log:
 CardTable entry size: 512
 Card Set container configuration: InlinePtr #cards 4 size 8 Array Of Cards #cards 32 size 80 Howl #buckets 8 coarsen threshold 7372 Howl Bitmap #cards 1024 size 144 coarsen threshold 921 Card regions per heap region 1 cards per card region 8192
 CPUs: 12 total, 12 available
 Memory: 7916M
 Large Page Support: Disabled
 NUMA Support: Disabled
 Compressed Oops: Enabled (Zero based)
 Heap Region Size: 4M
 Heap Min Capacity: 8M
 Heap Initial Capacity: 124M
 Heap Max Capacity: 8G
 Pre-touch: Disabled
 Parallel Workers: 10
 Concurrent Workers: 3
 Concurrent Refinement Workers: 10
 Periodic GC: Disabled
Heap:
 garbage-first heap   total 757760K, used 218299K [0x0000000600000000, 0x0000000800000000)
  region size 4096K, 6 young (24576K), 6 survivors (24576K)
 Metaspace       used 170860K, committed 173312K, reserved 1245184K
  class space    used 21838K, committed 23040K, reserved 1048576K
GC Heap History (20 events):
Event: 59.357 GC heap after
{Heap after GC invocations=90 (full 0):
 garbage-first heap   total 491520K, used 139898K [0x0000000600000000, 0x0000000800000000)
  region size 4096K, 4 young (16384K), 4 survivors (16384K)
 Metaspace       used 156279K, committed 158592K, reserved 1245184K
  class space    used 20239K, committed 21376K, reserved 1048576K
}
Event: 60.160 GC heap before
{Heap before GC invocations=90 (full 0):
 garbage-first heap   total 491520K, used 418426K [0x0000000600000000, 0x0000000800000000)
  region size 4096K, 72 young (294912K), 4 survivors (16384K)
 Metaspace       used 156280K, committed 158592K, reserved 1245184K
  class space    used 20239K, committed 21376K, reserved 1048576K
}
Event: 60.169 GC heap after
{Heap after GC invocations=91 (full 0):
 garbage-first heap   total 491520K, used 142822K [0x0000000600000000, 0x0000000800000000)
  region size 4096K, 4 young (16384K), 4 survivors (16384K)
 Metaspace       used 156280K, committed 158592K, reserved 1245184K
  class space    used 20239K, committed 21376K, reserved 1048576K
}
Event: 67.923 GC heap before
{Heap before GC invocations=91 (full 0):
 garbage-first heap   total 491520K, used 421350K [0x0000000600000000, 0x0000000800000000)
  region size 4096K, 72 young (294912K), 4 survivors (16384K)
 Metaspace       used 165412K, committed 167808K, reserved 1245184K
  class space    used 21410K, committed 22592K, reserved 1048576K
}
Event: 67.944 GC heap after
{Heap after GC invocations=92 (full 0):
 garbage-first heap   total 491520K, used 144469K [0x0000000600000000, 0x0000000800000000)
  region size 4096K, 7 young (28672K), 7 survivors (28672K)
 Metaspace       used 165412K, committed 167808K, reserved 1245184K
  class space    used 21410K, committed 22592K, reserved 1048576K
}
Event: 68.383 GC heap before
{Heap before GC invocations=92 (full 0):
 garbage-first heap   total 491520K, used 414805K [0x0000000600000000, 0x0000000800000000)
  region size 4096K, 72 young (294912K), 7 survivors (28672K)
 Metaspace       used 168863K, committed 171264K, reserved 1245184K
  class space    used 21671K, committed 22848K, reserved 1048576K
}
Event: 68.423 GC heap after
{Heap after GC invocations=93 (full 0):
 garbage-first heap   total 491520K, used 183291K [0x0000000600000000, 0x0000000800000000)
  region size 4096K, 9 young (36864K), 9 survivors (36864K)
 Metaspace       used 168863K, committed 171264K, reserved 1245184K
  class space    used 21671K, committed 22848K, reserved 1048576K
}
Event: 68.634 GC heap before
{Heap before GC invocations=93 (full 0):
 garbage-first heap   total 491520K, used 424955K [0x0000000600000000, 0x0000000800000000)
  region size 4096K, 69 young (282624K), 9 survivors (36864K)
 Metaspace       used 170502K, committed 172992K, reserved 1245184K
  class space    used 21834K, committed 23040K, reserved 1048576K
}
Event: 68.656 GC heap after
{Heap after GC invocations=94 (full 0):
 garbage-first heap   total 491520K, used 192012K [0x0000000600000000, 0x0000000800000000)
  region size 4096K, 2 young (8192K), 2 survivors (8192K)
 Metaspace       used 170502K, committed 172992K, reserved 1245184K
  class space    used 21834K, committed 23040K, reserved 1048576K
}
Event: 68.829 GC heap before
{Heap before GC invocations=94 (full 0):
 garbage-first heap   total 491520K, used 445964K [0x0000000600000000, 0x0000000800000000)
  region size 4096K, 65 young (266240K), 2 survivors (8192K)
 Metaspace       used 170630K, committed 173120K, reserved 1245184K
  class space    used 21842K, committed 23040K, reserved 1048576K
}
Event: 68.840 GC heap after
{Heap after GC invocations=95 (full 0):
 garbage-first heap   total 757760K, used 196067K [0x0000000600000000, 0x0000000800000000)
  region size 4096K, 3 young (12288K), 3 survivors (12288K)
 Metaspace       used 170630K, committed 173120K, reserved 1245184K
  class space    used 21842K, committed 23040K, reserved 1048576K
}
Event: 70.212 GC heap before
{Heap before GC invocations=95 (full 0):
 garbage-first heap   total 655360K, used 572899K [0x0000000600000000, 0x0000000800000000)
  region size 4096K, 96 young (393216K), 3 survivors (12288K)
 Metaspace       used 170773K, committed 173248K, reserved 1245184K
  class space    used 21837K, committed 23040K, reserved 1048576K
}
Event: 70.263 GC heap after
{Heap after GC invocations=96 (full 0):
 garbage-first heap   total 655360K, used 203180K [0x0000000600000000, 0x0000000800000000)
  region size 4096K, 5 young (20480K), 5 survivors (20480K)
 Metaspace       used 170773K, committed 173248K, reserved 1245184K
  class space    used 21837K, committed 23040K, reserved 1048576K
}
Event: 70.835 GC heap before
{Heap before GC invocations=97 (full 0):
 garbage-first heap   total 655360K, used 571820K [0x0000000600000000, 0x0000000800000000)
  region size 4096K, 96 young (393216K), 5 survivors (20480K)
 Metaspace       used 170838K, committed 173312K, reserved 1245184K
  class space    used 21837K, committed 23040K, reserved 1048576K
}
Event: 70.900 GC heap after
{Heap after GC invocations=98 (full 0):
 garbage-first heap   total 655360K, used 208290K [0x0000000600000000, 0x0000000800000000)
  region size 4096K, 6 young (24576K), 6 survivors (24576K)
 Metaspace       used 170838K, committed 173312K, reserved 1245184K
  class space    used 21837K, committed 23040K, reserved 1048576K
}
Event: 71.271 GC heap before
{Heap before GC invocations=98 (full 0):
 garbage-first heap   total 655360K, used 576930K [0x0000000600000000, 0x0000000800000000)
  region size 4096K, 96 young (393216K), 6 survivors (24576K)
 Metaspace       used 170856K, committed 173312K, reserved 1245184K
  class space    used 21838K, committed 23040K, reserved 1048576K
}
Event: 71.287 GC heap after
{Heap after GC invocations=99 (full 0):
 garbage-first heap   total 655360K, used 212226K [0x0000000600000000, 0x0000000800000000)
  region size 4096K, 8 young (32768K), 8 survivors (32768K)
 Metaspace       used 170856K, committed 173312K, reserved 1245184K
  class space    used 21838K, committed 23040K, reserved 1048576K
}
Event: 71.634 GC heap before
{Heap before GC invocations=99 (full 0):
 garbage-first heap   total 655360K, used 568578K [0x0000000600000000, 0x0000000800000000)
  region size 4096K, 96 young (393216K), 8 survivors (32768K)
 Metaspace       used 170859K, committed 173312K, reserved 1245184K
  class space    used 21838K, committed 23040K, reserved 1048576K
}
Event: 71.655 GC heap after
{Heap after GC invocations=100 (full 0):
 garbage-first heap   total 655360K, used 215030K [0x0000000600000000, 0x0000000800000000)
  region size 4096K, 8 young (32768K), 8 survivors (32768K)
 Metaspace       used 170859K, committed 173312K, reserved 1245184K
  class space    used 21838K, committed 23040K, reserved 1048576K
}
Event: 72.004 GC heap before
{Heap before GC invocations=100 (full 0):
 garbage-first heap   total 655360K, used 575478K [0x0000000600000000, 0x0000000800000000)
  region size 4096K, 96 young (393216K), 8 survivors (32768K)
 Metaspace       used 170860K, committed 173312K, reserved 1245184K
  class space    used 21838K, committed 23040K, reserved 1048576K
}

