# JRE version: OpenJDK Runtime Environment (21.0.7) (build 21.0.7+-13880790-b1038.58)
# Java VM: OpenJDK 64-Bit Server VM (21.0.7+-13880790-b1038.58, mixed mode, tiered, compressed oops, compressed class ptrs, g1 gc, windows-amd64)
GC Precious Log:
 CardTable entry size: 512
 Card Set container configuration: InlinePtr #cards 4 size 8 Array Of Cards #cards 32 size 80 Howl #buckets 8 coarsen threshold 7372 Howl Bitmap #cards 1024 size 144 coarsen threshold 921 Card regions per heap region 1 cards per card region 8192
 CPUs: 12 total, 12 available
 Memory: 7916M
 Large Page Support: Disabled
 NUMA Support: Disabled
 Compressed Oops: Enabled (Zero based)
 Heap Region Size: 4M
 Heap Min Capacity: 8M
 Heap Initial Capacity: 124M
 Heap Max Capacity: 8G
 Pre-touch: Disabled
 Parallel Workers: 10
 Concurrent Workers: 3
 Concurrent Refinement Workers: 10
 Periodic GC: Disabled
Heap:
 garbage-first heap   total 1044480K, used 231180K [0x0000000600000000, 0x0000000800000000)
  region size 4096K, 5 young (20480K), 5 survivors (20480K)
 Metaspace       used 176802K, committed 179392K, reserved 1245184K
  class space    used 22527K, committed 23808K, reserved 1048576K
GC Heap History (20 events):
Event: 76.012 GC heap after
{Heap after GC invocations=99 (full 0):
 garbage-first heap   total 630784K, used 195407K [0x0000000600000000, 0x0000000800000000)
  region size 4096K, 6 young (24576K), 6 survivors (24576K)
 Metaspace       used 170115K, committed 172608K, reserved 1245184K
  class space    used 21759K, committed 22976K, reserved 1048576K
}
Event: 76.427 GC heap before
{Heap before GC invocations=99 (full 0):
 garbage-first heap   total 630784K, used 547663K [0x0000000600000000, 0x0000000800000000)
  region size 4096K, 92 young (376832K), 6 survivors (24576K)
 Metaspace       used 170118K, committed 172608K, reserved 1245184K
  class space    used 21759K, committed 22976K, reserved 1048576K
}
Event: 76.448 GC heap after
{Heap after GC invocations=100 (full 0):
 garbage-first heap   total 630784K, used 196657K [0x0000000600000000, 0x0000000800000000)
  region size 4096K, 7 young (28672K), 7 survivors (28672K)
 Metaspace       used 170118K, committed 172608K, reserved 1245184K
  class space    used 21759K, committed 22976K, reserved 1048576K
}
Event: 76.757 GC heap before
{Heap before GC invocations=100 (full 0):
 garbage-first heap   total 630784K, used 544817K [0x0000000600000000, 0x0000000800000000)
  region size 4096K, 92 young (376832K), 7 survivors (28672K)
 Metaspace       used 170119K, committed 172608K, reserved 1245184K
  class space    used 21759K, committed 22976K, reserved 1048576K
}
Event: 76.774 GC heap after
{Heap after GC invocations=101 (full 0):
 garbage-first heap   total 1015808K, used 202472K [0x0000000600000000, 0x0000000800000000)
  region size 4096K, 8 young (32768K), 8 survivors (32768K)
 Metaspace       used 170119K, committed 172608K, reserved 1245184K
  class space    used 21759K, committed 22976K, reserved 1048576K
}
Event: 77.732 GC heap before
{Heap before GC invocations=102 (full 0):
 garbage-first heap   total 696320K, used 583400K [0x0000000600000000, 0x0000000800000000)
  region size 4096K, 102 young (417792K), 8 survivors (32768K)
 Metaspace       used 170141K, committed 172608K, reserved 1245184K
  class space    used 21764K, committed 22976K, reserved 1048576K
}
Event: 77.749 GC heap after
{Heap after GC invocations=103 (full 0):
 garbage-first heap   total 696320K, used 200893K [0x0000000600000000, 0x0000000800000000)
  region size 4096K, 9 young (36864K), 9 survivors (36864K)
 Metaspace       used 170141K, committed 172608K, reserved 1245184K
  class space    used 21764K, committed 22976K, reserved 1048576K
}
Event: 79.382 GC heap before
{Heap before GC invocations=103 (full 0):
 garbage-first heap   total 696320K, used 581821K [0x0000000600000000, 0x0000000800000000)
  region size 4096K, 102 young (417792K), 9 survivors (36864K)
 Metaspace       used 172281K, committed 174720K, reserved 1245184K
  class space    used 22037K, committed 23232K, reserved 1048576K
}
Event: 79.398 GC heap after
{Heap after GC invocations=104 (full 0):
 garbage-first heap   total 696320K, used 200869K [0x0000000600000000, 0x0000000800000000)
  region size 4096K, 8 young (32768K), 8 survivors (32768K)
 Metaspace       used 172281K, committed 174720K, reserved 1245184K
  class space    used 22037K, committed 23232K, reserved 1048576K
}
Event: 138.815 GC heap before
{Heap before GC invocations=104 (full 0):
 garbage-first heap   total 696320K, used 581797K [0x0000000600000000, 0x0000000800000000)
  region size 4096K, 102 young (417792K), 8 survivors (32768K)
 Metaspace       used 176398K, committed 178944K, reserved 1245184K
  class space    used 22509K, committed 23744K, reserved 1048576K
}
Event: 138.892 GC heap after
{Heap after GC invocations=105 (full 0):
 garbage-first heap   total 696320K, used 223449K [0x0000000600000000, 0x0000000800000000)
  region size 4096K, 13 young (53248K), 13 survivors (53248K)
 Metaspace       used 176398K, committed 178944K, reserved 1245184K
  class space    used 22509K, committed 23744K, reserved 1048576K
}
Event: 139.218 GC heap before
{Heap before GC invocations=106 (full 0):
 garbage-first heap   total 696320K, used 583897K [0x0000000600000000, 0x0000000800000000)
  region size 4096K, 102 young (417792K), 13 survivors (53248K)
 Metaspace       used 176468K, committed 179008K, reserved 1245184K
  class space    used 22511K, committed 23744K, reserved 1048576K
}
Event: 139.258 GC heap after
{Heap after GC invocations=107 (full 0):
 garbage-first heap   total 696320K, used 228074K [0x0000000600000000, 0x0000000800000000)
  region size 4096K, 9 young (36864K), 9 survivors (36864K)
 Metaspace       used 176468K, committed 179008K, reserved 1245184K
  class space    used 22511K, committed 23744K, reserved 1048576K
}
Event: 140.092 GC heap before
{Heap before GC invocations=107 (full 0):
 garbage-first heap   total 696320K, used 604906K [0x0000000600000000, 0x0000000800000000)
  region size 4096K, 102 young (417792K), 9 survivors (36864K)
 Metaspace       used 176644K, committed 179200K, reserved 1245184K
  class space    used 22520K, committed 23808K, reserved 1048576K
}
Event: 140.117 GC heap after
{Heap after GC invocations=108 (full 0):
 garbage-first heap   total 696320K, used 231824K [0x0000000600000000, 0x0000000800000000)
  region size 4096K, 7 young (28672K), 7 survivors (28672K)
 Metaspace       used 176644K, committed 179200K, reserved 1245184K
  class space    used 22520K, committed 23808K, reserved 1048576K
}
Event: 140.724 GC heap before
{Heap before GC invocations=108 (full 0):
 garbage-first heap   total 696320K, used 616848K [0x0000000600000000, 0x0000000800000000)
  region size 4096K, 102 young (417792K), 7 survivors (28672K)
 Metaspace       used 176729K, committed 179328K, reserved 1245184K
  class space    used 22526K, committed 23808K, reserved 1048576K
}
Event: 140.754 GC heap after
{Heap after GC invocations=109 (full 0):
 garbage-first heap   total 696320K, used 258035K [0x0000000600000000, 0x0000000800000000)
  region size 4096K, 13 young (53248K), 13 survivors (53248K)
 Metaspace       used 176729K, committed 179328K, reserved 1245184K
  class space    used 22526K, committed 23808K, reserved 1048576K
}
Event: 141.203 GC heap before
{Heap before GC invocations=110 (full 0):
 garbage-first heap   total 696320K, used 585715K [0x0000000600000000, 0x0000000800000000)
  region size 4096K, 97 young (397312K), 13 survivors (53248K)
 Metaspace       used 176792K, committed 179392K, reserved 1245184K
  class space    used 22526K, committed 23808K, reserved 1048576K
}
Event: 141.237 GC heap after
{Heap after GC invocations=111 (full 0):
 garbage-first heap   total 696320K, used 253974K [0x0000000600000000, 0x0000000800000000)
  region size 4096K, 10 young (40960K), 10 survivors (40960K)
 Metaspace       used 176792K, committed 179392K, reserved 1245184K
  class space    used 22526K, committed 23808K, reserved 1048576K
}
Event: 141.561 GC heap before
{Heap before GC invocations=111 (full 0):
 garbage-first heap   total 696320K, used 610326K [0x0000000600000000, 0x0000000800000000)
  region size 4096K, 98 young (401408K), 10 survivors (40960K)
 Metaspace       used 176802K, committed 179392K, reserved 1245184K
  class space    used 22527K, committed 23808K, reserved 1048576K
}

