# JRE version: OpenJDK Runtime Environment (21.0.7) (build 21.0.7+-13880790-b1038.58)
# Java VM: OpenJDK 64-Bit Server VM (21.0.7+-13880790-b1038.58, mixed mode, tiered, compressed oops, compressed class ptrs, g1 gc, windows-amd64)
GC Precious Log:
 CardTable entry size: 512
 Card Set container configuration: InlinePtr #cards 4 size 8 Array Of Cards #cards 64 size 144 Howl #buckets 8 coarsen threshold 14745 Howl Bitmap #cards 2048 size 272 coarsen threshold 1843 Card regions per heap region 1 cards per card region 16384
 CPUs: 12 total, 12 available
 Memory: 7916M
 Large Page Support: Disabled
 NUMA Support: Disabled
 Compressed Oops: Enabled (Zero based)
 Heap Region Size: 8M
 Heap Min Capacity: 8M
 Heap Initial Capacity: 128M
 Heap Max Capacity: 10G
 Pre-touch: Disabled
 Parallel Workers: 10
 Concurrent Workers: 3
 Concurrent Refinement Workers: 10
 Periodic GC: Disabled
Heap:
 garbage-first heap   total 2539520K, used 645557K [0x0000000580000000, 0x0000000800000000)
  region size 8192K, 12 young (98304K), 2 survivors (16384K)
 Metaspace       used 270845K, committed 273664K, reserved 1310720K
  class space    used 35900K, committed 37248K, reserved 1048576K
GC Heap History (20 events):
Event: 124.376 GC heap before
{Heap before GC invocations=83 (full 0):
 garbage-first heap   total 1368064K, used 613883K [0x0000000580000000, 0x0000000800000000)
  region size 8192K, 10 young (81920K), 5 survivors (40960K)
 Metaspace       used 254152K, committed 256960K, reserved 1310720K
  class space    used 33754K, committed 35136K, reserved 1048576K
}
Event: 124.431 GC heap after
{Heap after GC invocations=84 (full 0):
 garbage-first heap   total 1368064K, used 575493K [0x0000000580000000, 0x0000000800000000)
  region size 8192K, 2 young (16384K), 2 survivors (16384K)
 Metaspace       used 254152K, committed 256960K, reserved 1310720K
  class space    used 33754K, committed 35136K, reserved 1048576K
}
Event: 130.610 GC heap before
{Heap before GC invocations=84 (full 0):
 garbage-first heap   total 1368064K, used 1263621K [0x0000000580000000, 0x0000000800000000)
  region size 8192K, 86 young (704512K), 2 survivors (16384K)
 Metaspace       used 255554K, committed 258368K, reserved 1310720K
  class space    used 33888K, committed 35264K, reserved 1048576K
}
Event: 130.650 GC heap after
{Heap after GC invocations=85 (full 0):
 garbage-first heap   total 1368064K, used 579433K [0x0000000580000000, 0x0000000800000000)
  region size 8192K, 2 young (16384K), 2 survivors (16384K)
 Metaspace       used 255554K, committed 258368K, reserved 1310720K
  class space    used 33888K, committed 35264K, reserved 1048576K
}
Event: 132.469 GC heap before
{Heap before GC invocations=86 (full 0):
 garbage-first heap   total 1368064K, used 1267561K [0x0000000580000000, 0x0000000800000000)
  region size 8192K, 86 young (704512K), 2 survivors (16384K)
 Metaspace       used 256023K, committed 258816K, reserved 1310720K
  class space    used 33932K, committed 35328K, reserved 1048576K
}
Event: 132.488 GC heap after
{Heap after GC invocations=87 (full 0):
 garbage-first heap   total 1368064K, used 584806K [0x0000000580000000, 0x0000000800000000)
  region size 8192K, 3 young (24576K), 3 survivors (24576K)
 Metaspace       used 256023K, committed 258816K, reserved 1310720K
  class space    used 33932K, committed 35328K, reserved 1048576K
}
Event: 134.080 GC heap before
{Heap before GC invocations=87 (full 0):
 garbage-first heap   total 1368064K, used 1248358K [0x0000000580000000, 0x0000000800000000)
  region size 8192K, 85 young (696320K), 3 survivors (24576K)
 Metaspace       used 256484K, committed 259264K, reserved 1310720K
  class space    used 33964K, committed 35328K, reserved 1048576K
}
Event: 134.198 GC heap after
{Heap after GC invocations=88 (full 0):
 garbage-first heap   total 2539520K, used 512490K [0x0000000580000000, 0x0000000800000000)
  region size 8192K, 3 young (24576K), 3 survivors (24576K)
 Metaspace       used 256484K, committed 259264K, reserved 1310720K
  class space    used 33964K, committed 35328K, reserved 1048576K
}
Event: 147.115 GC heap before
{Heap before GC invocations=88 (full 0):
 garbage-first heap   total 2539520K, used 2003434K [0x0000000580000000, 0x0000000800000000)
  region size 8192K, 185 young (1515520K), 3 survivors (24576K)
 Metaspace       used 257771K, committed 260608K, reserved 1310720K
  class space    used 34024K, committed 35392K, reserved 1048576K
}
Event: 147.353 GC heap after
{Heap after GC invocations=89 (full 0):
 garbage-first heap   total 2539520K, used 530905K [0x0000000580000000, 0x0000000800000000)
  region size 8192K, 5 young (40960K), 5 survivors (40960K)
 Metaspace       used 257771K, committed 260608K, reserved 1310720K
  class space    used 34024K, committed 35392K, reserved 1048576K
}
Event: 151.763 GC heap before
{Heap before GC invocations=89 (full 0):
 garbage-first heap   total 2539520K, used 932313K [0x0000000580000000, 0x0000000800000000)
  region size 8192K, 55 young (450560K), 5 survivors (40960K)
 Metaspace       used 258321K, committed 261120K, reserved 1310720K
  class space    used 34054K, committed 35456K, reserved 1048576K
}
Event: 151.851 GC heap after
{Heap after GC invocations=90 (full 0):
 garbage-first heap   total 2539520K, used 531883K [0x0000000580000000, 0x0000000800000000)
  region size 8192K, 4 young (32768K), 4 survivors (32768K)
 Metaspace       used 258321K, committed 261120K, reserved 1310720K
  class space    used 34054K, committed 35456K, reserved 1048576K
}
Event: 176.970 GC heap before
{Heap before GC invocations=90 (full 0):
 garbage-first heap   total 2539520K, used 2022827K [0x0000000580000000, 0x0000000800000000)
  region size 8192K, 186 young (1523712K), 4 survivors (32768K)
 Metaspace       used 266907K, committed 269696K, reserved 1310720K
  class space    used 35239K, committed 36608K, reserved 1048576K
}
Event: 177.208 GC heap after
{Heap after GC invocations=91 (full 0):
 garbage-first heap   total 2539520K, used 559644K [0x0000000580000000, 0x0000000800000000)
  region size 8192K, 7 young (57344K), 7 survivors (57344K)
 Metaspace       used 266907K, committed 269696K, reserved 1310720K
  class space    used 35239K, committed 36608K, reserved 1048576K
}
Event: 179.400 GC heap before
{Heap before GC invocations=91 (full 0):
 garbage-first heap   total 2539520K, used 625180K [0x0000000580000000, 0x0000000800000000)
  region size 8192K, 15 young (122880K), 7 survivors (57344K)
 Metaspace       used 267230K, committed 270080K, reserved 1310720K
  class space    used 35276K, committed 36672K, reserved 1048576K
}
Event: 179.530 GC heap after
{Heap after GC invocations=92 (full 0):
 garbage-first heap   total 2539520K, used 567786K [0x0000000580000000, 0x0000000800000000)
  region size 8192K, 2 young (16384K), 2 survivors (16384K)
 Metaspace       used 267230K, committed 270080K, reserved 1310720K
  class space    used 35276K, committed 36672K, reserved 1048576K
}
Event: 205.215 GC heap before
{Heap before GC invocations=92 (full 0):
 garbage-first heap   total 2539520K, used 1460714K [0x0000000580000000, 0x0000000800000000)
  region size 8192K, 112 young (917504K), 2 survivors (16384K)
 Metaspace       used 268125K, committed 270848K, reserved 1310720K
  class space    used 35384K, committed 36736K, reserved 1048576K
}
Event: 205.415 GC heap after
{Heap after GC invocations=93 (full 0):
 garbage-first heap   total 2539520K, used 564331K [0x0000000580000000, 0x0000000800000000)
  region size 8192K, 1 young (8192K), 1 survivors (8192K)
 Metaspace       used 268125K, committed 270848K, reserved 1310720K
  class space    used 35384K, committed 36736K, reserved 1048576K
}
Event: 224.691 GC heap before
{Heap before GC invocations=93 (full 0):
 garbage-first heap   total 2539520K, used 785515K [0x0000000580000000, 0x0000000800000000)
  region size 8192K, 28 young (229376K), 1 survivors (8192K)
 Metaspace       used 270283K, committed 273088K, reserved 1310720K
  class space    used 35793K, committed 37184K, reserved 1048576K
}
Event: 224.894 GC heap after
{Heap after GC invocations=94 (full 0):
 garbage-first heap   total 2539520K, used 571829K [0x0000000580000000, 0x0000000800000000)
  region size 8192K, 2 young (16384K), 2 survivors (16384K)
 Metaspace       used 270283K, committed 273088K, reserved 1310720K
  class space    used 35793K, committed 37184K, reserved 1048576K
}

