# JRE version: OpenJDK Runtime Environment (21.0.7) (build 21.0.7+-13880790-b1038.58)
# Java VM: OpenJDK 64-Bit Server VM (21.0.7+-13880790-b1038.58, mixed mode, tiered, compressed oops, compressed class ptrs, g1 gc, windows-amd64)
GC Precious Log:
 CardTable entry size: 512
 Card Set container configuration: InlinePtr #cards 4 size 8 Array Of Cards #cards 64 size 144 Howl #buckets 8 coarsen threshold 14745 Howl Bitmap #cards 2048 size 272 coarsen threshold 1843 Card regions per heap region 1 cards per card region 16384
 CPUs: 12 total, 12 available
 Memory: 7916M
 Large Page Support: Disabled
 NUMA Support: Disabled
 Compressed Oops: Enabled (Zero based)
 Heap Region Size: 8M
 Heap Min Capacity: 8M
 Heap Initial Capacity: 128M
 Heap Max Capacity: 10G
 Pre-touch: Disabled
 Parallel Workers: 10
 Concurrent Workers: 3
 Concurrent Refinement Workers: 10
 Periodic GC: Disabled
Heap:
 garbage-first heap   total 2318336K, used 815343K [0x0000000580000000, 0x0000000800000000)
  region size 8192K, 35 young (286720K), 4 survivors (32768K)
 Metaspace       used 250208K, committed 252864K, reserved 1310720K
  class space    used 33411K, committed 34688K, reserved 1048576K
GC Heap History (20 events):
Event: 124.213 GC heap before
{Heap before GC invocations=81 (full 0):
 garbage-first heap   total 655360K, used 557048K [0x0000000580000000, 0x0000000800000000)
  region size 8192K, 20 young (163840K), 2 survivors (16384K)
 Metaspace       used 175500K, committed 177984K, reserved 1245184K
  class space    used 23473K, committed 24704K, reserved 1048576K
}
Event: 124.232 GC heap after
{Heap after GC invocations=82 (full 0):
 garbage-first heap   total 655360K, used 418478K [0x0000000580000000, 0x0000000800000000)
  region size 8192K, 3 young (24576K), 3 survivors (24576K)
 Metaspace       used 175500K, committed 177984K, reserved 1245184K
  class space    used 23473K, committed 24704K, reserved 1048576K
}
Event: 125.920 GC heap before
{Heap before GC invocations=82 (full 0):
 garbage-first heap   total 655360K, used 557742K [0x0000000580000000, 0x0000000800000000)
  region size 8192K, 21 young (172032K), 3 survivors (24576K)
 Metaspace       used 182454K, committed 185024K, reserved 1245184K
  class space    used 24381K, committed 25600K, reserved 1048576K
}
Event: 125.944 GC heap after
{Heap after GC invocations=83 (full 0):
 garbage-first heap   total 786432K, used 428188K [0x0000000580000000, 0x0000000800000000)
  region size 8192K, 3 young (24576K), 3 survivors (24576K)
 Metaspace       used 182454K, committed 185024K, reserved 1245184K
  class space    used 24381K, committed 25600K, reserved 1048576K
}
Event: 131.238 GC heap before
{Heap before GC invocations=84 (full 0):
 garbage-first heap   total 786432K, used 690332K [0x0000000580000000, 0x0000000800000000)
  region size 8192K, 33 young (270336K), 3 survivors (24576K)
 Metaspace       used 194606K, committed 197184K, reserved 1245184K
  class space    used 25866K, committed 27136K, reserved 1048576K
}
Event: 131.273 GC heap after
{Heap after GC invocations=85 (full 0):
 garbage-first heap   total 786432K, used 458452K [0x0000000580000000, 0x0000000800000000)
  region size 8192K, 5 young (40960K), 5 survivors (40960K)
 Metaspace       used 194606K, committed 197184K, reserved 1245184K
  class space    used 25866K, committed 27136K, reserved 1048576K
}
Event: 133.305 GC heap before
{Heap before GC invocations=85 (full 0):
 garbage-first heap   total 786432K, used 687828K [0x0000000580000000, 0x0000000800000000)
  region size 8192K, 33 young (270336K), 5 survivors (40960K)
 Metaspace       used 204747K, committed 207360K, reserved 1245184K
  class space    used 27177K, committed 28416K, reserved 1048576K
}
Event: 133.455 GC heap after
{Heap after GC invocations=86 (full 0):
 garbage-first heap   total 786432K, used 485320K [0x0000000580000000, 0x0000000800000000)
  region size 8192K, 4 young (32768K), 4 survivors (32768K)
 Metaspace       used 204747K, committed 207360K, reserved 1245184K
  class space    used 27177K, committed 28416K, reserved 1048576K
}
Event: 136.449 GC heap before
{Heap before GC invocations=86 (full 0):
 garbage-first heap   total 786432K, used 681928K [0x0000000580000000, 0x0000000800000000)
  region size 8192K, 29 young (237568K), 4 survivors (32768K)
 Metaspace       used 215576K, committed 218176K, reserved 1245184K
  class space    used 28447K, committed 29696K, reserved 1048576K
}
Event: 136.506 GC heap after
{Heap after GC invocations=87 (full 0):
 garbage-first heap   total 786432K, used 504435K [0x0000000580000000, 0x0000000800000000)
  region size 8192K, 3 young (24576K), 3 survivors (24576K)
 Metaspace       used 215576K, committed 218176K, reserved 1245184K
  class space    used 28447K, committed 29696K, reserved 1048576K
}
Event: 139.270 GC heap before
{Heap before GC invocations=88 (full 0):
 garbage-first heap   total 860160K, used 701043K [0x0000000580000000, 0x0000000800000000)
  region size 8192K, 27 young (221184K), 3 survivors (24576K)
 Metaspace       used 219457K, committed 222144K, reserved 1245184K
  class space    used 28977K, committed 30272K, reserved 1048576K
}
Event: 139.291 GC heap after
{Heap after GC invocations=89 (full 0):
 garbage-first heap   total 860160K, used 518005K [0x0000000580000000, 0x0000000800000000)
  region size 8192K, 4 young (32768K), 4 survivors (32768K)
 Metaspace       used 219457K, committed 222144K, reserved 1245184K
  class space    used 28977K, committed 30272K, reserved 1048576K
}
Event: 141.512 GC heap before
{Heap before GC invocations=89 (full 0):
 garbage-first heap   total 860160K, used 771957K [0x0000000580000000, 0x0000000800000000)
  region size 8192K, 35 young (286720K), 4 survivors (32768K)
 Metaspace       used 228122K, committed 230784K, reserved 1310720K
  class space    used 30358K, committed 31616K, reserved 1048576K
}
Event: 141.560 GC heap after
{Heap after GC invocations=90 (full 0):
 garbage-first heap   total 860160K, used 537854K [0x0000000580000000, 0x0000000800000000)
  region size 8192K, 5 young (40960K), 5 survivors (40960K)
 Metaspace       used 228122K, committed 230784K, reserved 1310720K
  class space    used 30358K, committed 31616K, reserved 1048576K
}
Event: 142.069 GC heap before
{Heap before GC invocations=90 (full 0):
 garbage-first heap   total 860160K, used 759038K [0x0000000580000000, 0x0000000800000000)
  region size 8192K, 33 young (270336K), 5 survivors (40960K)
 Metaspace       used 230893K, committed 233536K, reserved 1310720K
  class space    used 30744K, committed 32000K, reserved 1048576K
}
Event: 142.099 GC heap after
{Heap after GC invocations=91 (full 0):
 garbage-first heap   total 860160K, used 543972K [0x0000000580000000, 0x0000000800000000)
  region size 8192K, 1 young (8192K), 1 survivors (8192K)
 Metaspace       used 230893K, committed 233536K, reserved 1310720K
  class space    used 30744K, committed 32000K, reserved 1048576K
}
Event: 144.600 GC heap before
{Heap before GC invocations=91 (full 0):
 garbage-first heap   total 917504K, used 789732K [0x0000000580000000, 0x0000000800000000)
  region size 8192K, 31 young (253952K), 1 survivors (8192K)
 Metaspace       used 231061K, committed 233792K, reserved 1310720K
  class space    used 30760K, committed 32064K, reserved 1048576K
}
Event: 144.640 GC heap after
{Heap after GC invocations=92 (full 0):
 garbage-first heap   total 2318336K, used 543924K [0x0000000580000000, 0x0000000800000000)
  region size 8192K, 1 young (8192K), 1 survivors (8192K)
 Metaspace       used 231061K, committed 233792K, reserved 1310720K
  class space    used 30760K, committed 32064K, reserved 1048576K
}
Event: 160.115 GC heap before
{Heap before GC invocations=93 (full 0):
 garbage-first heap   total 2318336K, used 1911988K [0x0000000580000000, 0x0000000800000000)
  region size 8192K, 169 young (1384448K), 1 survivors (8192K)
 Metaspace       used 248953K, committed 251712K, reserved 1310720K
  class space    used 33327K, committed 34624K, reserved 1048576K
}
Event: 161.528 GC heap after
{Heap after GC invocations=94 (full 0):
 garbage-first heap   total 2318336K, used 569583K [0x0000000580000000, 0x0000000800000000)
  region size 8192K, 4 young (32768K), 4 survivors (32768K)
 Metaspace       used 248953K, committed 251712K, reserved 1310720K
  class space    used 33327K, committed 34624K, reserved 1048576K
}

