# JRE version: OpenJDK Runtime Environment (21.0.7) (build 21.0.7+-13880790-b1038.58)
# Java VM: OpenJDK 64-Bit Server VM (21.0.7+-13880790-b1038.58, mixed mode, tiered, compressed oops, compressed class ptrs, g1 gc, windows-amd64)
GC Precious Log:
 CardTable entry size: 512
 Card Set container configuration: InlinePtr #cards 4 size 8 Array Of Cards #cards 64 size 144 Howl #buckets 8 coarsen threshold 14745 Howl Bitmap #cards 2048 size 272 coarsen threshold 1843 Card regions per heap region 1 cards per card region 16384
 CPUs: 12 total, 12 available
 Memory: 7916M
 Large Page Support: Disabled
 NUMA Support: Disabled
 Compressed Oops: Enabled (Zero based)
 Heap Region Size: 8M
 Heap Min Capacity: 8M
 Heap Initial Capacity: 128M
 Heap Max Capacity: 10G
 Pre-touch: Disabled
 Parallel Workers: 10
 Concurrent Workers: 3
 Concurrent Refinement Workers: 10
 Periodic GC: Disabled
Heap:
 garbage-first heap   total 1892352K, used 777352K [0x0000000580000000, 0x0000000800000000)
  region size 8192K, 35 young (286720K), 4 survivors (32768K)
 Metaspace       used 256241K, committed 259072K, reserved 1310720K
  class space    used 34019K, committed 35392K, reserved 1048576K
GC Heap History (20 events):
Event: 167.836 GC heap before
{Heap before GC invocations=75 (full 0):
 garbage-first heap   total 1064960K, used 969231K [0x0000000580000000, 0x0000000800000000)
  region size 8192K, 52 young (425984K), 3 survivors (24576K)
 Metaspace       used 232857K, committed 235648K, reserved 1310720K
  class space    used 30913K, committed 32320K, reserved 1048576K
}
Event: 168.383 GC heap after
{Heap after GC invocations=76 (full 0):
 garbage-first heap   total 1064960K, used 577245K [0x0000000580000000, 0x0000000800000000)
  region size 8192K, 3 young (24576K), 3 survivors (24576K)
 Metaspace       used 232857K, committed 235648K, reserved 1310720K
  class space    used 30913K, committed 32320K, reserved 1048576K
}
Event: 175.261 GC heap before
{Heap before GC invocations=76 (full 0):
 garbage-first heap   total 1064960K, used 978653K [0x0000000580000000, 0x0000000800000000)
  region size 8192K, 52 young (425984K), 3 survivors (24576K)
 Metaspace       used 243659K, committed 246528K, reserved 1310720K
  class space    used 32546K, committed 33920K, reserved 1048576K
}
Event: 175.473 GC heap after
{Heap after GC invocations=77 (full 0):
 garbage-first heap   total 1064960K, used 597799K [0x0000000580000000, 0x0000000800000000)
  region size 8192K, 6 young (49152K), 6 survivors (49152K)
 Metaspace       used 243659K, committed 246528K, reserved 1310720K
  class space    used 32546K, committed 33920K, reserved 1048576K
}
Event: 178.755 GC heap before
{Heap before GC invocations=78 (full 0):
 garbage-first heap   total 1064960K, used 941863K [0x0000000580000000, 0x0000000800000000)
  region size 8192K, 49 young (401408K), 6 survivors (49152K)
 Metaspace       used 249670K, committed 252544K, reserved 1310720K
  class space    used 33354K, committed 34752K, reserved 1048576K
}
Event: 178.791 GC heap after
{Heap after GC invocations=79 (full 0):
 garbage-first heap   total 1064960K, used 595264K [0x0000000580000000, 0x0000000800000000)
  region size 8192K, 4 young (32768K), 4 survivors (32768K)
 Metaspace       used 249670K, committed 252544K, reserved 1310720K
  class space    used 33354K, committed 34752K, reserved 1048576K
}
Event: 180.159 GC heap before
{Heap before GC invocations=79 (full 0):
 garbage-first heap   total 1064960K, used 955712K [0x0000000580000000, 0x0000000800000000)
  region size 8192K, 49 young (401408K), 4 survivors (32768K)
 Metaspace       used 250102K, committed 252928K, reserved 1310720K
  class space    used 33375K, committed 34752K, reserved 1048576K
}
Event: 180.507 GC heap after
{Heap after GC invocations=80 (full 0):
 garbage-first heap   total 1892352K, used 534370K [0x0000000580000000, 0x0000000800000000)
  region size 8192K, 4 young (32768K), 4 survivors (32768K)
 Metaspace       used 250102K, committed 252928K, reserved 1310720K
  class space    used 33375K, committed 34752K, reserved 1048576K
}
Event: 180.980 GC heap before
{Heap before GC invocations=80 (full 0):
 garbage-first heap   total 1892352K, used 591714K [0x0000000580000000, 0x0000000800000000)
  region size 8192K, 11 young (90112K), 4 survivors (32768K)
 Metaspace       used 250217K, committed 253056K, reserved 1310720K
  class space    used 33377K, committed 34752K, reserved 1048576K
}
Event: 181.062 GC heap after
{Heap after GC invocations=81 (full 0):
 garbage-first heap   total 1892352K, used 521133K [0x0000000580000000, 0x0000000800000000)
  region size 8192K, 1 young (8192K), 1 survivors (8192K)
 Metaspace       used 250217K, committed 253056K, reserved 1310720K
  class space    used 33377K, committed 34752K, reserved 1048576K
}
Event: 182.700 GC heap before
{Heap before GC invocations=81 (full 0):
 garbage-first heap   total 1892352K, used 603053K [0x0000000580000000, 0x0000000800000000)
  region size 8192K, 11 young (90112K), 1 survivors (8192K)
 Metaspace       used 250839K, committed 253632K, reserved 1310720K
  class space    used 33438K, committed 34816K, reserved 1048576K
}
Event: 182.753 GC heap after
{Heap after GC invocations=82 (full 0):
 garbage-first heap   total 1892352K, used 509675K [0x0000000580000000, 0x0000000800000000)
  region size 8192K, 1 young (8192K), 1 survivors (8192K)
 Metaspace       used 250839K, committed 253632K, reserved 1310720K
  class space    used 33438K, committed 34816K, reserved 1048576K
}
Event: 189.277 GC heap before
{Heap before GC invocations=82 (full 0):
 garbage-first heap   total 1892352K, used 1623787K [0x0000000580000000, 0x0000000800000000)
  region size 8192K, 138 young (1130496K), 1 survivors (8192K)
 Metaspace       used 252152K, committed 255040K, reserved 1310720K
  class space    used 33555K, committed 34944K, reserved 1048576K
}
Event: 189.390 GC heap after
{Heap after GC invocations=83 (full 0):
 garbage-first heap   total 1892352K, used 513720K [0x0000000580000000, 0x0000000800000000)
  region size 8192K, 2 young (16384K), 2 survivors (16384K)
 Metaspace       used 252152K, committed 255040K, reserved 1310720K
  class space    used 33555K, committed 34944K, reserved 1048576K
}
Event: 192.645 GC heap before
{Heap before GC invocations=83 (full 0):
 garbage-first heap   total 1892352K, used 1627832K [0x0000000580000000, 0x0000000800000000)
  region size 8192K, 138 young (1130496K), 2 survivors (16384K)
 Metaspace       used 252869K, committed 255808K, reserved 1310720K
  class space    used 33639K, committed 35072K, reserved 1048576K
}
Event: 192.660 GC heap after
{Heap after GC invocations=84 (full 0):
 garbage-first heap   total 1892352K, used 520209K [0x0000000580000000, 0x0000000800000000)
  region size 8192K, 3 young (24576K), 3 survivors (24576K)
 Metaspace       used 252869K, committed 255808K, reserved 1310720K
  class space    used 33639K, committed 35072K, reserved 1048576K
}
Event: 196.984 GC heap before
{Heap before GC invocations=84 (full 0):
 garbage-first heap   total 1892352K, used 1626129K [0x0000000580000000, 0x0000000800000000)
  region size 8192K, 138 young (1130496K), 3 survivors (24576K)
 Metaspace       used 253603K, committed 256448K, reserved 1310720K
  class space    used 33694K, committed 35072K, reserved 1048576K
}
Event: 197.036 GC heap after
{Heap after GC invocations=85 (full 0):
 garbage-first heap   total 1892352K, used 528981K [0x0000000580000000, 0x0000000800000000)
  region size 8192K, 4 young (32768K), 4 survivors (32768K)
 Metaspace       used 253603K, committed 256448K, reserved 1310720K
  class space    used 33694K, committed 35072K, reserved 1048576K
}
Event: 201.434 GC heap before
{Heap before GC invocations=85 (full 0):
 garbage-first heap   total 1892352K, used 1618517K [0x0000000580000000, 0x0000000800000000)
  region size 8192K, 138 young (1130496K), 4 survivors (32768K)
 Metaspace       used 255686K, committed 258496K, reserved 1310720K
  class space    used 33946K, committed 35328K, reserved 1048576K
}
Event: 201.456 GC heap after
{Heap after GC invocations=86 (full 0):
 garbage-first heap   total 1892352K, used 531592K [0x0000000580000000, 0x0000000800000000)
  region size 8192K, 4 young (32768K), 4 survivors (32768K)
 Metaspace       used 255686K, committed 258496K, reserved 1310720K
  class space    used 33946K, committed 35328K, reserved 1048576K
}

