# JRE version: OpenJDK Runtime Environment (21.0.7) (build 21.0.7+-13880790-b1038.58)
# Java VM: OpenJDK 64-Bit Server VM (21.0.7+-13880790-b1038.58, mixed mode, tiered, compressed oops, compressed class ptrs, g1 gc, windows-amd64)
GC Precious Log:
 CardTable entry size: 512
 Card Set container configuration: InlinePtr #cards 4 size 8 Array Of Cards #cards 64 size 144 Howl #buckets 8 coarsen threshold 14745 Howl Bitmap #cards 2048 size 272 coarsen threshold 1843 Card regions per heap region 1 cards per card region 16384
 CPUs: 12 total, 12 available
 Memory: 7916M
 Large Page Support: Disabled
 NUMA Support: Disabled
 Compressed Oops: Enabled (Zero based)
 Heap Region Size: 8M
 Heap Min Capacity: 8M
 Heap Initial Capacity: 128M
 Heap Max Capacity: 10G
 Pre-touch: Disabled
 Parallel Workers: 10
 Concurrent Workers: 3
 Concurrent Refinement Workers: 10
 Periodic GC: Disabled
Heap:
 garbage-first heap   total 2498560K, used 566023K [0x0000000580000000, 0x0000000800000000)
  region size 8192K, 2 young (16384K), 2 survivors (16384K)
 Metaspace       used 279853K, committed 282688K, reserved 1310720K
  class space    used 37386K, committed 38720K, reserved 1048576K
GC Heap History (20 events):
Event: 191.631 GC heap after
{Heap after GC invocations=78 (full 0):
 garbage-first heap   total 1802240K, used 517595K [0x0000000580000000, 0x0000000800000000)
  region size 8192K, 8 young (65536K), 8 survivors (65536K)
 Metaspace       used 260912K, committed 263744K, reserved 1310720K
  class space    used 34441K, committed 35776K, reserved 1048576K
}
Event: 204.767 GC heap before
{Heap before GC invocations=78 (full 0):
 garbage-first heap   total 1802240K, used 1533403K [0x0000000580000000, 0x0000000800000000)
  region size 8192K, 132 young (1081344K), 8 survivors (65536K)
 Metaspace       used 267815K, committed 270592K, reserved 1310720K
  class space    used 35359K, committed 36672K, reserved 1048576K
}
Event: 205.254 GC heap after
{Heap after GC invocations=79 (full 0):
 garbage-first heap   total 1802240K, used 524773K [0x0000000580000000, 0x0000000800000000)
  region size 8192K, 9 young (73728K), 9 survivors (73728K)
 Metaspace       used 267815K, committed 270592K, reserved 1310720K
  class space    used 35359K, committed 36672K, reserved 1048576K
}
Event: 205.436 GC heap before
{Heap before GC invocations=79 (full 0):
 garbage-first heap   total 1802240K, used 532965K [0x0000000580000000, 0x0000000800000000)
  region size 8192K, 11 young (90112K), 9 survivors (73728K)
 Metaspace       used 267816K, committed 270592K, reserved 1310720K
  class space    used 35359K, committed 36672K, reserved 1048576K
}
Event: 205.821 GC heap after
{Heap after GC invocations=80 (full 0):
 garbage-first heap   total 2498560K, used 531341K [0x0000000580000000, 0x0000000800000000)
  region size 8192K, 2 young (16384K), 2 survivors (16384K)
 Metaspace       used 267816K, committed 270592K, reserved 1310720K
  class space    used 35359K, committed 36672K, reserved 1048576K
}
Event: 219.910 GC heap before
{Heap before GC invocations=80 (full 0):
 garbage-first heap   total 2498560K, used 2005901K [0x0000000580000000, 0x0000000800000000)
  region size 8192K, 183 young (1499136K), 2 survivors (16384K)
 Metaspace       used 268405K, committed 271168K, reserved 1310720K
  class space    used 35491K, committed 36800K, reserved 1048576K
}
Event: 220.208 GC heap after
{Heap after GC invocations=81 (full 0):
 garbage-first heap   total 2498560K, used 539213K [0x0000000580000000, 0x0000000800000000)
  region size 8192K, 3 young (24576K), 3 survivors (24576K)
 Metaspace       used 268405K, committed 271168K, reserved 1310720K
  class space    used 35491K, committed 36800K, reserved 1048576K
}
Event: 224.865 GC heap before
{Heap before GC invocations=81 (full 0):
 garbage-first heap   total 2498560K, used 1030733K [0x0000000580000000, 0x0000000800000000)
  region size 8192K, 64 young (524288K), 3 survivors (24576K)
 Metaspace       used 269451K, committed 272256K, reserved 1310720K
  class space    used 35592K, committed 36928K, reserved 1048576K
}
Event: 225.115 GC heap after
{Heap after GC invocations=82 (full 0):
 garbage-first heap   total 2498560K, used 548600K [0x0000000580000000, 0x0000000800000000)
  region size 8192K, 4 young (32768K), 4 survivors (32768K)
 Metaspace       used 269451K, committed 272256K, reserved 1310720K
  class space    used 35592K, committed 36928K, reserved 1048576K
}
Event: 227.495 GC heap before
{Heap before GC invocations=82 (full 0):
 garbage-first heap   total 2498560K, used 687864K [0x0000000580000000, 0x0000000800000000)
  region size 8192K, 21 young (172032K), 4 survivors (32768K)
 Metaspace       used 269787K, committed 272640K, reserved 1310720K
  class space    used 35632K, committed 36992K, reserved 1048576K
}
Event: 227.524 GC heap after
{Heap after GC invocations=83 (full 0):
 garbage-first heap   total 2498560K, used 545010K [0x0000000580000000, 0x0000000800000000)
  region size 8192K, 1 young (8192K), 1 survivors (8192K)
 Metaspace       used 269787K, committed 272640K, reserved 1310720K
  class space    used 35632K, committed 36992K, reserved 1048576K
}
Event: 298.753 GC heap before
{Heap before GC invocations=84 (full 0):
 garbage-first heap   total 1859584K, used 1544434K [0x0000000580000000, 0x0000000800000000)
  region size 8192K, 123 young (1007616K), 1 survivors (8192K)
 Metaspace       used 274539K, committed 277312K, reserved 1310720K
  class space    used 36556K, committed 37888K, reserved 1048576K
}
Event: 299.309 GC heap after
{Heap after GC invocations=85 (full 0):
 garbage-first heap   total 1859584K, used 558893K [0x0000000580000000, 0x0000000800000000)
  region size 8192K, 3 young (24576K), 3 survivors (24576K)
 Metaspace       used 274539K, committed 277312K, reserved 1310720K
  class space    used 36556K, committed 37888K, reserved 1048576K
}
Event: 354.862 GC heap before
{Heap before GC invocations=85 (full 0):
 garbage-first heap   total 1859584K, used 1648429K [0x0000000580000000, 0x0000000800000000)
  region size 8192K, 136 young (1114112K), 3 survivors (24576K)
 Metaspace       used 279818K, committed 282688K, reserved 1310720K
  class space    used 37385K, committed 38720K, reserved 1048576K
}
Event: 355.932 GC heap after
{Heap after GC invocations=86 (full 0):
 garbage-first heap   total 1859584K, used 565271K [0x0000000580000000, 0x0000000800000000)
  region size 8192K, 4 young (32768K), 4 survivors (32768K)
 Metaspace       used 279818K, committed 282688K, reserved 1310720K
  class space    used 37385K, committed 38720K, reserved 1048576K
}
Event: 356.699 GC heap before
{Heap before GC invocations=86 (full 0):
 garbage-first heap   total 1859584K, used 622615K [0x0000000580000000, 0x0000000800000000)
  region size 8192K, 11 young (90112K), 4 survivors (32768K)
 Metaspace       used 279840K, committed 282688K, reserved 1310720K
  class space    used 37386K, committed 38720K, reserved 1048576K
}
Event: 356.790 GC heap after
{Heap after GC invocations=87 (full 0):
 garbage-first heap   total 1859584K, used 568609K [0x0000000580000000, 0x0000000800000000)
  region size 8192K, 1 young (8192K), 1 survivors (8192K)
 Metaspace       used 279840K, committed 282688K, reserved 1310720K
  class space    used 37386K, committed 38720K, reserved 1048576K
}
Event: 357.119 GC heap before
{Heap before GC invocations=87 (full 0):
 garbage-first heap   total 1859584K, used 650529K [0x0000000580000000, 0x0000000800000000)
  region size 8192K, 11 young (90112K), 1 survivors (8192K)
 Metaspace       used 279849K, committed 282688K, reserved 1310720K
  class space    used 37386K, committed 38720K, reserved 1048576K
}
Event: 357.290 GC heap after
{Heap after GC invocations=88 (full 0):
 garbage-first heap   total 1859584K, used 566107K [0x0000000580000000, 0x0000000800000000)
  region size 8192K, 1 young (8192K), 1 survivors (8192K)
 Metaspace       used 279849K, committed 282688K, reserved 1310720K
  class space    used 37386K, committed 38720K, reserved 1048576K
}
Event: 357.371 GC heap before
{Heap before GC invocations=88 (full 0):
 garbage-first heap   total 1859584K, used 648027K [0x0000000580000000, 0x0000000800000000)
  region size 8192K, 11 young (90112K), 1 survivors (8192K)
 Metaspace       used 279853K, committed 282688K, reserved 1310720K
  class space    used 37386K, committed 38720K, reserved 1048576K
}

